<?xml version="1.0" encoding="UTF-8"?>
<!-- Generated by org.testng.reporters.JUnitReportReporter -->
<testsuite hostname="Dell-nehatiwari" name="com.trifacta.scripts.Home" tests="2" failures="0" timestamp="26 Aug 2020 18:59:54 GMT" time="121.520" errors="0">
  <testcase name="TC_02" time="60.772" classname="com.trifacta.scripts.Home"/>
  <testcase name="TC_01" time="60.748" classname="com.trifacta.scripts.Home"/>
</testsuite> <!-- com.trifacta.scripts.Home -->
