<?xml version="1.0" encoding="UTF-8"?>
<!-- Generated by org.testng.reporters.JUnitReportReporter -->
<testsuite hostname="Dell-nehatiwari" failures="0" tests="1"
	name="com.trifacta.scripts.Login" time="16.655" errors="0"
	timestamp="22 Aug 2020 21:32:21 GMT" skipped="0">
	<testcase classname="com.trifacta.scripts.Login"
		name="LoginToTrifacto" time="16.655" />
</testsuite> <!-- com.trifacta.scripts.Login -->
