<?xml version="1.0" encoding="UTF-8"?>
<!-- Generated by org.testng.reporters.JUnitReportReporter -->
<testsuite hostname="Dell-nehatiwari" failures="0" tests="2" name="com.trifacta.scripts.Home" time="87.251" errors="0" timestamp="25 Aug 2020 20:46:22 GMT" skipped="0">
  <testcase classname="com.trifacta.scripts.Home" name="TC_01" time="45.884"/>
  <testcase classname="com.trifacta.scripts.Home" name="TC_02" time="41.367"/>
</testsuite> <!-- com.trifacta.scripts.Home -->
